Using pre-set license
Built from '2021.1/staging' branch; Version is '2021.1.7f1 (d91830b65d9b) revision 14227504'; Using compiler version '192528614'; Build Type 'Release'
OS: 'Windows 10 Enterprise; OS build 19042.1348; Version 2009; 64bit' Language: 'fr' Physical Memory: 32641 MB
BatchMode: 1, IsHumanControllingUs: 0, StartBugReporterOnCrash: 0, Is64bit: 1, IsPro: 0

 COMMAND LINE ARGUMENTS:
C:\Program Files\Unity\Editor\Unity.exe
-adb2
-batchMode
-noUpm
-name
AssetImportWorker0
-projectPath
C:/Users/1953260/Documents/GitHub/Pong-course
-logFile
Logs/AssetImportWorker0.log
-srvPort
59318
Successfully changed project path to: C:/Users/1953260/Documents/GitHub/Pong-course
C:/Users/1953260/Documents/GitHub/Pong-course
Using Asset Import Pipeline V2.
Refreshing native plugins compatible for Editor in 84.36 ms, found 2 plugins.
Preloading 0 native plugins for Editor in 0.00 ms.
Initialize engine version: 2021.1.7f1 (d91830b65d9b)
[Subsystems] Discovering subsystems at path C:/Program Files/Unity/Editor/Data/Resources/UnitySubsystems
[Subsystems] Discovering subsystems at path C:/Users/1953260/Documents/GitHub/Pong-course/Assets
GfxDevice: creating device client; threaded=0; jobified=0
Direct3D:
    Version:  Direct3D 11.0 [level 11.1]
    Renderer: NVIDIA GeForce RTX 2070 SUPER (ID=0x1e84)
    Vendor:   NVIDIA
    VRAM:     8011 MB
    Driver:   30.0.14.7141
Initialize mono
Mono path[0] = 'C:/Program Files/Unity/Editor/Data/Managed'
Mono path[1] = 'C:/Program Files/Unity/Editor/Data/MonoBleedingEdge/lib/mono/unityjit'
Mono config path = 'C:/Program Files/Unity/Editor/Data/MonoBleedingEdge/etc'
Using monoOptions --debugger-agent=transport=dt_socket,embedding=1,server=y,suspend=n,address=127.0.0.1:56888
Begin MonoManager ReloadAssembly
Registering precompiled unity dll's ...
Register platform support module: C:/Program Files/Unity/Editor/Data/PlaybackEngines/WindowsStandaloneSupport/UnityEditor.WindowsStandalone.Extensions.dll
Registered in 0.003402 seconds.
Native extension for WindowsStandalone target not found
Refreshing native plugins compatible for Editor in 83.33 ms, found 2 plugins.
Preloading 0 native plugins for Editor in 0.00 ms.
Mono: successfully reloaded assembly
- Completed reload, in  1.145 seconds
Platform modules already initialized, skipping
Registering precompiled user dll's ...
Registered in 0.003678 seconds.
Begin MonoManager ReloadAssembly
Symbol file LoadedFromMemory doesn't match image C:\Users\1953260\Documents\GitHub\Pong-course\Library\PackageCache\com.unity.visualscripting@1.6.1\Editor\VisualScripting.Core\Dependencies\YamlDotNet\Unity.VisualScripting.YamlDotNet.dll
Symbol file LoadedFromMemory doesn't match image C:\Users\1953260\Documents\GitHub\Pong-course\Library\PackageCache\com.unity.visualscripting@1.6.1\Editor\VisualScripting.Core\Dependencies\DotNetZip\Unity.VisualScripting.IonicZip.dll
Native extension for WindowsStandalone target not found
Refreshing native plugins compatible for Editor in 82.71 ms, found 2 plugins.
Preloading 0 native plugins for Editor in 0.00 ms.
Mono: successfully reloaded assembly
- Completed reload, in  1.038 seconds
Platform modules already initialized, skipping
========================================================================
Worker process is ready to serve import requests
Launched and connected shader compiler UnityShaderCompiler.exe after 0.03 seconds
Refreshing native plugins compatible for Editor in 0.62 ms, found 2 plugins.
Preloading 0 native plugins for Editor in 0.00 ms.
Unloading 3877 Unused Serialized files (Serialized files now loaded: 0)
System memory in use before: 143.6 MB.
System memory in use after: 143.8 MB.

Unloading 25 unused Assets to reduce memory usage. Loaded Objects now: 4338.
Total: 2.184600 ms (FindLiveObjects: 0.228000 ms CreateObjectMapping: 0.147100 ms MarkObjects: 1.766000 ms  DeleteObjects: 0.042900 ms)

========================================================================
Received Import Request.
  path: Assets/Scenes/gabriel.unity
  artifactKey: Guid(ce45e4a79811bb74daf1f9214fb7f414) Importer(815301076,1909f56bfc062723c751e8b465ee728b)
Start importing Assets/Scenes/gabriel.unity using Guid(ce45e4a79811bb74daf1f9214fb7f414) Importer(815301076,1909f56bfc062723c751e8b465ee728b)  -> (artifact id: '1a0ac8a06e5056eb8d85a51a2ed238e0') in 0.011864 seconds 
========================================================================
Received Import Request.
  Time since last request: 23.248692 seconds.
  path: Assets/Scenes/SampleScene.unity
  artifactKey: Guid(2cda990e2423bbf4892e6590ba056729) Importer(815301076,1909f56bfc062723c751e8b465ee728b)
Start importing Assets/Scenes/SampleScene.unity using Guid(2cda990e2423bbf4892e6590ba056729) Importer(815301076,1909f56bfc062723c751e8b465ee728b)  -> (artifact id: 'bc34c90d24e8785487ffb9e2950f9ece') in 0.002694 seconds 
========================================================================
Received Prepare
Registering precompiled user dll's ...
Registered in 0.003379 seconds.
Begin MonoManager ReloadAssembly
Symbol file LoadedFromMemory doesn't match image C:\Users\1953260\Documents\GitHub\Pong-course\Library\PackageCache\com.unity.visualscripting@1.6.1\Editor\VisualScripting.Core\Dependencies\YamlDotNet\Unity.VisualScripting.YamlDotNet.dll
Symbol file LoadedFromMemory doesn't match image C:\Users\1953260\Documents\GitHub\Pong-course\Library\PackageCache\com.unity.visualscripting@1.6.1\Editor\VisualScripting.Core\Dependencies\DotNetZip\Unity.VisualScripting.IonicZip.dll
Native extension for WindowsStandalone target not found
Refreshing native plugins compatible for Editor in 0.62 ms, found 2 plugins.
Preloading 0 native plugins for Editor in 0.00 ms.
Mono: successfully reloaded assembly
- Completed reload, in  0.899 seconds
Platform modules already initialized, skipping
Refreshing native plugins compatible for Editor in 0.62 ms, found 2 plugins.
Preloading 0 native plugins for Editor in 0.00 ms.
Unloading 3867 Unused Serialized files (Serialized files now loaded: 0)
System memory in use before: 143.3 MB.
System memory in use after: 143.5 MB.

Unloading 11 unused Assets to reduce memory usage. Loaded Objects now: 4342.
Total: 2.289700 ms (FindLiveObjects: 0.241500 ms CreateObjectMapping: 0.145400 ms MarkObjects: 1.889200 ms  DeleteObjects: 0.013000 ms)

========================================================================
Received Import Request.
  Time since last request: 288.778688 seconds.
  path: Assets/Script/ball_score.asset
  artifactKey: Guid(af7e05bf211effc46a4f9de305bada74) Importer(815301076,1909f56bfc062723c751e8b465ee728b)
Start importing Assets/Script/ball_score.asset using Guid(af7e05bf211effc46a4f9de305bada74) Importer(815301076,1909f56bfc062723c751e8b465ee728b)  -> (artifact id: 'ca1ba9eb6ef9d9d7f875d60c41d50d11') in 0.438758 seconds 
========================================================================
Received Import Request.
  Time since last request: 0.315275 seconds.
  path: Assets/Medias/dessin_course.png
  artifactKey: Guid(01a04de951064e34b828f025d5c2f40b) Importer(815301076,1909f56bfc062723c751e8b465ee728b)
Start importing Assets/Medias/dessin_course.png using Guid(01a04de951064e34b828f025d5c2f40b) Importer(815301076,1909f56bfc062723c751e8b465ee728b)  -> (artifact id: '6de1ef9a626f0965b1cc6239d384d6ae') in 0.087183 seconds 
========================================================================
Received Prepare
Registering precompiled user dll's ...
Registered in 0.003583 seconds.
Begin MonoManager ReloadAssembly
Symbol file LoadedFromMemory doesn't match image C:\Users\1953260\Documents\GitHub\Pong-course\Library\PackageCache\com.unity.visualscripting@1.6.1\Editor\VisualScripting.Core\Dependencies\YamlDotNet\Unity.VisualScripting.YamlDotNet.dll
Symbol file LoadedFromMemory doesn't match image C:\Users\1953260\Documents\GitHub\Pong-course\Library\PackageCache\com.unity.visualscripting@1.6.1\Editor\VisualScripting.Core\Dependencies\DotNetZip\Unity.VisualScripting.IonicZip.dll
Native extension for WindowsStandalone target not found
Refreshing native plugins compatible for Editor in 0.61 ms, found 2 plugins.
Preloading 0 native plugins for Editor in 0.00 ms.
Mono: successfully reloaded assembly
- Completed reload, in  0.896 seconds
Platform modules already initialized, skipping
Refreshing native plugins compatible for Editor in 0.64 ms, found 2 plugins.
Preloading 0 native plugins for Editor in 0.00 ms.
Unloading 3868 Unused Serialized files (Serialized files now loaded: 0)
System memory in use before: 149.9 MB.
System memory in use after: 150.2 MB.

Unloading 11 unused Assets to reduce memory usage. Loaded Objects now: 4367.
Total: 2.298200 ms (FindLiveObjects: 0.234900 ms CreateObjectMapping: 0.147800 ms MarkObjects: 1.887800 ms  DeleteObjects: 0.027000 ms)

========================================================================
Received Prepare
Registering precompiled user dll's ...
Registered in 0.004073 seconds.
Begin MonoManager ReloadAssembly
Symbol file LoadedFromMemory doesn't match image C:\Users\1953260\Documents\GitHub\Pong-course\Library\PackageCache\com.unity.visualscripting@1.6.1\Editor\VisualScripting.Core\Dependencies\YamlDotNet\Unity.VisualScripting.YamlDotNet.dll
Symbol file LoadedFromMemory doesn't match image C:\Users\1953260\Documents\GitHub\Pong-course\Library\PackageCache\com.unity.visualscripting@1.6.1\Editor\VisualScripting.Core\Dependencies\DotNetZip\Unity.VisualScripting.IonicZip.dll
Native extension for WindowsStandalone target not found
Refreshing native plugins compatible for Editor in 0.63 ms, found 2 plugins.
Preloading 0 native plugins for Editor in 0.00 ms.
Mono: successfully reloaded assembly
- Completed reload, in  0.951 seconds
Platform modules already initialized, skipping
Refreshing native plugins compatible for Editor in 0.61 ms, found 2 plugins.
Preloading 0 native plugins for Editor in 0.00 ms.
Unloading 3867 Unused Serialized files (Serialized files now loaded: 0)
System memory in use before: 149.9 MB.
System memory in use after: 150.2 MB.

Unloading 11 unused Assets to reduce memory usage. Loaded Objects now: 4371.
Total: 2.343800 ms (FindLiveObjects: 0.293800 ms CreateObjectMapping: 0.192700 ms MarkObjects: 1.841700 ms  DeleteObjects: 0.015100 ms)

========================================================================
Received Prepare
Registering precompiled user dll's ...
Registered in 0.003615 seconds.
Begin MonoManager ReloadAssembly
Symbol file LoadedFromMemory doesn't match image C:\Users\1953260\Documents\GitHub\Pong-course\Library\PackageCache\com.unity.visualscripting@1.6.1\Editor\VisualScripting.Core\Dependencies\YamlDotNet\Unity.VisualScripting.YamlDotNet.dll
Symbol file LoadedFromMemory doesn't match image C:\Users\1953260\Documents\GitHub\Pong-course\Library\PackageCache\com.unity.visualscripting@1.6.1\Editor\VisualScripting.Core\Dependencies\DotNetZip\Unity.VisualScripting.IonicZip.dll
Native extension for WindowsStandalone target not found
Refreshing native plugins compatible for Editor in 0.64 ms, found 2 plugins.
Preloading 0 native plugins for Editor in 0.00 ms.
Mono: successfully reloaded assembly
- Completed reload, in  0.877 seconds
Platform modules already initialized, skipping
Refreshing native plugins compatible for Editor in 0.61 ms, found 2 plugins.
Preloading 0 native plugins for Editor in 0.00 ms.
Unloading 3867 Unused Serialized files (Serialized files now loaded: 0)
System memory in use before: 149.9 MB.
System memory in use after: 150.2 MB.

Unloading 11 unused Assets to reduce memory usage. Loaded Objects now: 4375.
Total: 2.233400 ms (FindLiveObjects: 0.225600 ms CreateObjectMapping: 0.143700 ms MarkObjects: 1.850900 ms  DeleteObjects: 0.012700 ms)

========================================================================
Received Prepare
Registering precompiled user dll's ...
Registered in 0.003478 seconds.
Begin MonoManager ReloadAssembly
Symbol file LoadedFromMemory doesn't match image C:\Users\1953260\Documents\GitHub\Pong-course\Library\PackageCache\com.unity.visualscripting@1.6.1\Editor\VisualScripting.Core\Dependencies\YamlDotNet\Unity.VisualScripting.YamlDotNet.dll
Symbol file LoadedFromMemory doesn't match image C:\Users\1953260\Documents\GitHub\Pong-course\Library\PackageCache\com.unity.visualscripting@1.6.1\Editor\VisualScripting.Core\Dependencies\DotNetZip\Unity.VisualScripting.IonicZip.dll
Native extension for WindowsStandalone target not found
Refreshing native plugins compatible for Editor in 0.61 ms, found 2 plugins.
Preloading 0 native plugins for Editor in 0.00 ms.
Mono: successfully reloaded assembly
- Completed reload, in  0.885 seconds
Platform modules already initialized, skipping
Refreshing native plugins compatible for Editor in 0.61 ms, found 2 plugins.
Preloading 0 native plugins for Editor in 0.00 ms.
Unloading 3867 Unused Serialized files (Serialized files now loaded: 0)
System memory in use before: 150.0 MB.
System memory in use after: 150.2 MB.

Unloading 11 unused Assets to reduce memory usage. Loaded Objects now: 4379.
Total: 2.458500 ms (FindLiveObjects: 0.283700 ms CreateObjectMapping: 0.158600 ms MarkObjects: 1.997800 ms  DeleteObjects: 0.017600 ms)

========================================================================
Received Prepare
Registering precompiled user dll's ...
Registered in 0.003566 seconds.
Begin MonoManager ReloadAssembly
Symbol file LoadedFromMemory doesn't match image C:\Users\1953260\Documents\GitHub\Pong-course\Library\PackageCache\com.unity.visualscripting@1.6.1\Editor\VisualScripting.Core\Dependencies\YamlDotNet\Unity.VisualScripting.YamlDotNet.dll
Symbol file LoadedFromMemory doesn't match image C:\Users\1953260\Documents\GitHub\Pong-course\Library\PackageCache\com.unity.visualscripting@1.6.1\Editor\VisualScripting.Core\Dependencies\DotNetZip\Unity.VisualScripting.IonicZip.dll
Native extension for WindowsStandalone target not found
Refreshing native plugins compatible for Editor in 0.60 ms, found 2 plugins.
Preloading 0 native plugins for Editor in 0.00 ms.
Mono: successfully reloaded assembly
- Completed reload, in  0.879 seconds
Platform modules already initialized, skipping
Refreshing native plugins compatible for Editor in 0.61 ms, found 2 plugins.
Preloading 0 native plugins for Editor in 0.00 ms.
Unloading 3867 Unused Serialized files (Serialized files now loaded: 0)
System memory in use before: 150.0 MB.
System memory in use after: 150.2 MB.

Unloading 11 unused Assets to reduce memory usage. Loaded Objects now: 4383.
Total: 2.267800 ms (FindLiveObjects: 0.225600 ms CreateObjectMapping: 0.138900 ms MarkObjects: 1.889000 ms  DeleteObjects: 0.013600 ms)

========================================================================
Received Prepare
Registering precompiled user dll's ...
Registered in 0.003707 seconds.
Begin MonoManager ReloadAssembly
Symbol file LoadedFromMemory doesn't match image C:\Users\1953260\Documents\GitHub\Pong-course\Library\PackageCache\com.unity.visualscripting@1.6.1\Editor\VisualScripting.Core\Dependencies\YamlDotNet\Unity.VisualScripting.YamlDotNet.dll
Symbol file LoadedFromMemory doesn't match image C:\Users\1953260\Documents\GitHub\Pong-course\Library\PackageCache\com.unity.visualscripting@1.6.1\Editor\VisualScripting.Core\Dependencies\DotNetZip\Unity.VisualScripting.IonicZip.dll
Native extension for WindowsStandalone target not found
Refreshing native plugins compatible for Editor in 0.64 ms, found 2 plugins.
Preloading 0 native plugins for Editor in 0.00 ms.
Mono: successfully reloaded assembly
- Completed reload, in  0.887 seconds
Platform modules already initialized, skipping
Refreshing native plugins compatible for Editor in 0.64 ms, found 2 plugins.
Preloading 0 native plugins for Editor in 0.00 ms.
Unloading 3867 Unused Serialized files (Serialized files now loaded: 0)
System memory in use before: 150.0 MB.
System memory in use after: 150.2 MB.

Unloading 11 unused Assets to reduce memory usage. Loaded Objects now: 4387.
Total: 2.269300 ms (FindLiveObjects: 0.266300 ms CreateObjectMapping: 0.169600 ms MarkObjects: 1.793000 ms  DeleteObjects: 0.039500 ms)

========================================================================
Received Prepare
Registering precompiled user dll's ...
Registered in 0.003585 seconds.
Begin MonoManager ReloadAssembly
Symbol file LoadedFromMemory doesn't match image C:\Users\1953260\Documents\GitHub\Pong-course\Library\PackageCache\com.unity.visualscripting@1.6.1\Editor\VisualScripting.Core\Dependencies\YamlDotNet\Unity.VisualScripting.YamlDotNet.dll
Symbol file LoadedFromMemory doesn't match image C:\Users\1953260\Documents\GitHub\Pong-course\Library\PackageCache\com.unity.visualscripting@1.6.1\Editor\VisualScripting.Core\Dependencies\DotNetZip\Unity.VisualScripting.IonicZip.dll
Native extension for WindowsStandalone target not found
Refreshing native plugins compatible for Editor in 0.61 ms, found 2 plugins.
Preloading 0 native plugins for Editor in 0.00 ms.
Mono: successfully reloaded assembly
- Completed reload, in  0.889 seconds
Platform modules already initialized, skipping
Refreshing native plugins compatible for Editor in 0.60 ms, found 2 plugins.
Preloading 0 native plugins for Editor in 0.00 ms.
Unloading 3867 Unused Serialized files (Serialized files now loaded: 0)
System memory in use before: 150.0 MB.
System memory in use after: 150.2 MB.

Unloading 11 unused Assets to reduce memory usage. Loaded Objects now: 4391.
Total: 2.358700 ms (FindLiveObjects: 0.230800 ms CreateObjectMapping: 0.151000 ms MarkObjects: 1.963100 ms  DeleteObjects: 0.013000 ms)

========================================================================
Received Import Request.
  Time since last request: 428.929448 seconds.
  path: Assets/Scenes/Intro.unity
  artifactKey: Guid(39a3e3a90137a6349be94f86b8e32e2f) Importer(815301076,1909f56bfc062723c751e8b465ee728b)
Start importing Assets/Scenes/Intro.unity using Guid(39a3e3a90137a6349be94f86b8e32e2f) Importer(815301076,1909f56bfc062723c751e8b465ee728b)  -> (artifact id: '1a1b753a9561cd9161d3356cd5d3bcef') in 0.013542 seconds 
========================================================================
Received Import Request.
  Time since last request: 28.283728 seconds.
  path: Assets/Scenes/SampleScene.unity
  artifactKey: Guid(2cda990e2423bbf4892e6590ba056729) Importer(815301076,1909f56bfc062723c751e8b465ee728b)
Start importing Assets/Scenes/SampleScene.unity using Guid(2cda990e2423bbf4892e6590ba056729) Importer(815301076,1909f56bfc062723c751e8b465ee728b)  -> (artifact id: '112040b82f9712142ff004a8121840f2') in 0.002123 seconds 
========================================================================
Received Prepare
Registering precompiled user dll's ...
Registered in 0.003423 seconds.
Begin MonoManager ReloadAssembly
Symbol file LoadedFromMemory doesn't match image C:\Users\1953260\Documents\GitHub\Pong-course\Library\PackageCache\com.unity.visualscripting@1.6.1\Editor\VisualScripting.Core\Dependencies\YamlDotNet\Unity.VisualScripting.YamlDotNet.dll
Symbol file LoadedFromMemory doesn't match image C:\Users\1953260\Documents\GitHub\Pong-course\Library\PackageCache\com.unity.visualscripting@1.6.1\Editor\VisualScripting.Core\Dependencies\DotNetZip\Unity.VisualScripting.IonicZip.dll
Native extension for WindowsStandalone target not found
Refreshing native plugins compatible for Editor in 0.60 ms, found 2 plugins.
Preloading 0 native plugins for Editor in 0.00 ms.
Mono: successfully reloaded assembly
- Completed reload, in  0.877 seconds
Platform modules already initialized, skipping
Refreshing native plugins compatible for Editor in 0.64 ms, found 2 plugins.
Preloading 0 native plugins for Editor in 0.00 ms.
Unloading 3867 Unused Serialized files (Serialized files now loaded: 0)
System memory in use before: 150.0 MB.
System memory in use after: 150.3 MB.

Unloading 11 unused Assets to reduce memory usage. Loaded Objects now: 4395.
Total: 2.406500 ms (FindLiveObjects: 0.253900 ms CreateObjectMapping: 0.161500 ms MarkObjects: 1.961700 ms  DeleteObjects: 0.028600 ms)

========================================================================
Received Prepare
Registering precompiled user dll's ...
Registered in 0.003486 seconds.
Begin MonoManager ReloadAssembly
Symbol file LoadedFromMemory doesn't match image C:\Users\1953260\Documents\GitHub\Pong-course\Library\PackageCache\com.unity.visualscripting@1.6.1\Editor\VisualScripting.Core\Dependencies\YamlDotNet\Unity.VisualScripting.YamlDotNet.dll
Symbol file LoadedFromMemory doesn't match image C:\Users\1953260\Documents\GitHub\Pong-course\Library\PackageCache\com.unity.visualscripting@1.6.1\Editor\VisualScripting.Core\Dependencies\DotNetZip\Unity.VisualScripting.IonicZip.dll
Native extension for WindowsStandalone target not found
Refreshing native plugins compatible for Editor in 0.60 ms, found 2 plugins.
Preloading 0 native plugins for Editor in 0.00 ms.
Mono: successfully reloaded assembly
- Completed reload, in  0.877 seconds
Platform modules already initialized, skipping
Refreshing native plugins compatible for Editor in 0.67 ms, found 2 plugins.
Preloading 0 native plugins for Editor in 0.00 ms.
Unloading 3867 Unused Serialized files (Serialized files now loaded: 0)
System memory in use before: 150.0 MB.
System memory in use after: 150.3 MB.

Unloading 11 unused Assets to reduce memory usage. Loaded Objects now: 4399.
Total: 2.270200 ms (FindLiveObjects: 0.251000 ms CreateObjectMapping: 0.142400 ms MarkObjects: 1.851300 ms  DeleteObjects: 0.024800 ms)

========================================================================
Received Prepare
Registering precompiled user dll's ...
Registered in 0.003419 seconds.
Begin MonoManager ReloadAssembly
Symbol file LoadedFromMemory doesn't match image C:\Users\1953260\Documents\GitHub\Pong-course\Library\PackageCache\com.unity.visualscripting@1.6.1\Editor\VisualScripting.Core\Dependencies\YamlDotNet\Unity.VisualScripting.YamlDotNet.dll
Symbol file LoadedFromMemory doesn't match image C:\Users\1953260\Documents\GitHub\Pong-course\Library\PackageCache\com.unity.visualscripting@1.6.1\Editor\VisualScripting.Core\Dependencies\DotNetZip\Unity.VisualScripting.IonicZip.dll
Native extension for WindowsStandalone target not found
Refreshing native plugins compatible for Editor in 0.60 ms, found 2 plugins.
Preloading 0 native plugins for Editor in 0.00 ms.
Mono: successfully reloaded assembly
- Completed reload, in  0.879 seconds
Platform modules already initialized, skipping
Refreshing native plugins compatible for Editor in 0.63 ms, found 2 plugins.
Preloading 0 native plugins for Editor in 0.00 ms.
Unloading 3867 Unused Serialized files (Serialized files now loaded: 0)
System memory in use before: 150.0 MB.
System memory in use after: 150.3 MB.

Unloading 11 unused Assets to reduce memory usage. Loaded Objects now: 4403.
Total: 2.286800 ms (FindLiveObjects: 0.238100 ms CreateObjectMapping: 0.178800 ms MarkObjects: 1.853900 ms  DeleteObjects: 0.015400 ms)

========================================================================
Received Import Request.
  Time since last request: 391.316192 seconds.
  path: Assets/Script/ball_score.asset
  artifactKey: Guid(af7e05bf211effc46a4f9de305bada74) Importer(815301076,1909f56bfc062723c751e8b465ee728b)
Start importing Assets/Script/ball_score.asset using Guid(af7e05bf211effc46a4f9de305bada74) Importer(815301076,1909f56bfc062723c751e8b465ee728b)  -> (artifact id: 'fb5830b6c1e42048292a955e93505ad2') in 0.426601 seconds 
========================================================================
Received Import Request.
  Time since last request: 0.000210 seconds.
  path: Assets/Script/menu.asset
  artifactKey: Guid(327a08e2344b49942a1584c39d710ccc) Importer(815301076,1909f56bfc062723c751e8b465ee728b)
Start importing Assets/Script/menu.asset using Guid(327a08e2344b49942a1584c39d710ccc) Importer(815301076,1909f56bfc062723c751e8b465ee728b)  -> (artifact id: '98a75f0e89abaa4b39ecc29b0bf2c3ee') in 0.019498 seconds 
========================================================================
Received Import Request.
  Time since last request: 0.000221 seconds.
  path: Assets/Script/patrouille.asset
  artifactKey: Guid(ec089c2e979223c40bf4c21c4d57184e) Importer(815301076,1909f56bfc062723c751e8b465ee728b)
Start importing Assets/Script/patrouille.asset using Guid(ec089c2e979223c40bf4c21c4d57184e) Importer(815301076,1909f56bfc062723c751e8b465ee728b)  -> (artifact id: 'c0b3fd2dbd1a2940ee189a7b62f3c522') in 0.014197 seconds 
========================================================================
Received Import Request.
  Time since last request: 0.000201 seconds.
  path: Assets/Script/play-area.asset
  artifactKey: Guid(a3931ff01a82a5e4e8b4704d58d2ef0f) Importer(815301076,1909f56bfc062723c751e8b465ee728b)
Start importing Assets/Script/play-area.asset using Guid(a3931ff01a82a5e4e8b4704d58d2ef0f) Importer(815301076,1909f56bfc062723c751e8b465ee728b)  -> (artifact id: '2da788249a1159f35e5058cfffac0b71') in 0.053402 seconds 
========================================================================
Received Import Request.
  Time since last request: 0.000295 seconds.
  path: Assets/Script/G-lose.asset
  artifactKey: Guid(1ec7a09d5b63abb46896b3a976c44afe) Importer(815301076,1909f56bfc062723c751e8b465ee728b)
Start importing Assets/Script/G-lose.asset using Guid(1ec7a09d5b63abb46896b3a976c44afe) Importer(815301076,1909f56bfc062723c751e8b465ee728b)  -> (artifact id: '2e4bc4b70cb31ed3f2e8dfd105de9ce6') in 0.004278 seconds 
========================================================================
Received Import Request.
  Time since last request: 0.000188 seconds.
  path: Assets/Script/extras.asset
  artifactKey: Guid(a133540666b09b149a056c4a5f46059f) Importer(815301076,1909f56bfc062723c751e8b465ee728b)
Start importing Assets/Script/extras.asset using Guid(a133540666b09b149a056c4a5f46059f) Importer(815301076,1909f56bfc062723c751e8b465ee728b)  -> (artifact id: 'f8f1f94faf78b77f75b0434c13cd9787') in 0.003436 seconds 
========================================================================
Received Import Request.
  Time since last request: 0.000227 seconds.
  path: Assets/Script/Receiver.asset
  artifactKey: Guid(782c90c5d85c0b64c944f4b7239cceee) Importer(815301076,1909f56bfc062723c751e8b465ee728b)
Start importing Assets/Script/Receiver.asset using Guid(782c90c5d85c0b64c944f4b7239cceee) Importer(815301076,1909f56bfc062723c751e8b465ee728b)  -> (artifact id: 'eb72e349d1606576025afcd5d34e173e') in 0.054005 seconds 
========================================================================
Received Import Request.
  Time since last request: 0.000215 seconds.
  path: Assets/Script/G-score.asset
  artifactKey: Guid(be3011d521e8d3b4faf21e0771abfa5a) Importer(815301076,1909f56bfc062723c751e8b465ee728b)
Start importing Assets/Script/G-score.asset using Guid(be3011d521e8d3b4faf21e0771abfa5a) Importer(815301076,1909f56bfc062723c751e8b465ee728b)  -> (artifact id: 'aba302d3407fba3663d03efc0e0b2890') in 0.005879 seconds 
========================================================================
Received Import Request.
  Time since last request: 0.000187 seconds.
  path: Assets/Script/quitter.asset
  artifactKey: Guid(45697bbffd6929749adb4750aa7aac25) Importer(815301076,1909f56bfc062723c751e8b465ee728b)
Start importing Assets/Script/quitter.asset using Guid(45697bbffd6929749adb4750aa7aac25) Importer(815301076,1909f56bfc062723c751e8b465ee728b)  -> (artifact id: '26669f4cccdfac5a0409adcaf92864c1') in 0.018752 seconds 
========================================================================
Received Import Request.
  Time since last request: 0.000245 seconds.
  path: Assets/Script/New Physics Material 2D.physicsMaterial2D
  artifactKey: Guid(64ce6a580ffbc1d47b675a79e0737b59) Importer(815301076,1909f56bfc062723c751e8b465ee728b)
Start importing Assets/Script/New Physics Material 2D.physicsMaterial2D using Guid(64ce6a580ffbc1d47b675a79e0737b59) Importer(815301076,1909f56bfc062723c751e8b465ee728b)  -> (artifact id: '972012cd616061391bac697cc0b86b83') in 0.003403 seconds 
========================================================================
Received Import Request.
  Time since last request: 0.000256 seconds.
  path: Assets/Script/jouer.asset
  artifactKey: Guid(253b94e149f9f2d4ba544b4f815a3c0b) Importer(815301076,1909f56bfc062723c751e8b465ee728b)
Start importing Assets/Script/jouer.asset using Guid(253b94e149f9f2d4ba544b4f815a3c0b) Importer(815301076,1909f56bfc062723c751e8b465ee728b)  -> (artifact id: 'd1ba6b9f4a117f325fb05a8df23b33d0') in 0.003005 seconds 
========================================================================
Received Import Request.
  Time since last request: 0.000252 seconds.
  path: Assets/Script/regles.asset
  artifactKey: Guid(24d8b5d9bd4b73342b41af40d142adb8) Importer(815301076,1909f56bfc062723c751e8b465ee728b)
Start importing Assets/Script/regles.asset using Guid(24d8b5d9bd4b73342b41af40d142adb8) Importer(815301076,1909f56bfc062723c751e8b465ee728b)  -> (artifact id: '00ac7085dc8cb7086778921139b8971c') in 0.003676 seconds 
========================================================================
Received Prepare
Registering precompiled user dll's ...
Registered in 0.003474 seconds.
Begin MonoManager ReloadAssembly
Symbol file LoadedFromMemory doesn't match image C:\Users\1953260\Documents\GitHub\Pong-course\Library\PackageCache\com.unity.visualscripting@1.6.1\Editor\VisualScripting.Core\Dependencies\YamlDotNet\Unity.VisualScripting.YamlDotNet.dll
Symbol file LoadedFromMemory doesn't match image C:\Users\1953260\Documents\GitHub\Pong-course\Library\PackageCache\com.unity.visualscripting@1.6.1\Editor\VisualScripting.Core\Dependencies\DotNetZip\Unity.VisualScripting.IonicZip.dll
Native extension for WindowsStandalone target not found
Refreshing native plugins compatible for Editor in 0.60 ms, found 2 plugins.
Preloading 0 native plugins for Editor in 0.00 ms.
Mono: successfully reloaded assembly
- Completed reload, in  0.886 seconds
Platform modules already initialized, skipping
Refreshing native plugins compatible for Editor in 0.66 ms, found 2 plugins.
Preloading 0 native plugins for Editor in 0.00 ms.
Unloading 3867 Unused Serialized files (Serialized files now loaded: 0)
System memory in use before: 150.1 MB.
System memory in use after: 150.3 MB.

Unloading 11 unused Assets to reduce memory usage. Loaded Objects now: 4407.
Total: 2.201200 ms (FindLiveObjects: 0.222000 ms CreateObjectMapping: 0.143200 ms MarkObjects: 1.822800 ms  DeleteObjects: 0.012500 ms)

========================================================================
Received Import Request.
  Time since last request: 170.258199 seconds.
  path: Assets/Scenes
  artifactKey: Guid(aceabc6ecf44c3d4994ebb1928ceed66) Importer(815301076,1909f56bfc062723c751e8b465ee728b)
Start importing Assets/Scenes using Guid(aceabc6ecf44c3d4994ebb1928ceed66) Importer(815301076,1909f56bfc062723c751e8b465ee728b)  -> (artifact id: '4a789850f4a15c10ab4a5a0901331b35') in 0.005321 seconds 
========================================================================
Received Import Request.
  Time since last request: 1.663249 seconds.
  path: Assets/Scenes/Intro.unity
  artifactKey: Guid(39a3e3a90137a6349be94f86b8e32e2f) Importer(815301076,1909f56bfc062723c751e8b465ee728b)
Start importing Assets/Scenes/Intro.unity using Guid(39a3e3a90137a6349be94f86b8e32e2f) Importer(815301076,1909f56bfc062723c751e8b465ee728b)  -> (artifact id: '34b2d5a03209b35a02b146cf0ccee248') in 0.008644 seconds 
========================================================================
Received Import Request.
  Time since last request: 2.608995 seconds.
  path: Assets/Scenes/SampleScene.unity
  artifactKey: Guid(2cda990e2423bbf4892e6590ba056729) Importer(815301076,1909f56bfc062723c751e8b465ee728b)
Start importing Assets/Scenes/SampleScene.unity using Guid(2cda990e2423bbf4892e6590ba056729) Importer(815301076,1909f56bfc062723c751e8b465ee728b)  -> (artifact id: '943851fb22f5cd3d9de3484d641c263f') in 0.002710 seconds 
========================================================================
Received Prepare
Registering precompiled user dll's ...
Registered in 0.003472 seconds.
Begin MonoManager ReloadAssembly
Symbol file LoadedFromMemory doesn't match image C:\Users\1953260\Documents\GitHub\Pong-course\Library\PackageCache\com.unity.visualscripting@1.6.1\Editor\VisualScripting.Core\Dependencies\YamlDotNet\Unity.VisualScripting.YamlDotNet.dll
Symbol file LoadedFromMemory doesn't match image C:\Users\1953260\Documents\GitHub\Pong-course\Library\PackageCache\com.unity.visualscripting@1.6.1\Editor\VisualScripting.Core\Dependencies\DotNetZip\Unity.VisualScripting.IonicZip.dll
Native extension for WindowsStandalone target not found
Refreshing native plugins compatible for Editor in 0.60 ms, found 2 plugins.
Preloading 0 native plugins for Editor in 0.00 ms.
Mono: successfully reloaded assembly
- Completed reload, in  0.885 seconds
Platform modules already initialized, skipping
Refreshing native plugins compatible for Editor in 0.61 ms, found 2 plugins.
Preloading 0 native plugins for Editor in 0.00 ms.
Unloading 3867 Unused Serialized files (Serialized files now loaded: 0)
System memory in use before: 150.1 MB.
System memory in use after: 150.3 MB.

Unloading 11 unused Assets to reduce memory usage. Loaded Objects now: 4411.
Total: 2.134900 ms (FindLiveObjects: 0.225400 ms CreateObjectMapping: 0.137800 ms MarkObjects: 1.759000 ms  DeleteObjects: 0.012000 ms)

========================================================================
Received Import Request.
  Time since last request: 243.046114 seconds.
  path: Assets/animation
  artifactKey: Guid(4ab3522e9e939ab469b80ea2c44ed449) Importer(815301076,1909f56bfc062723c751e8b465ee728b)
Start importing Assets/animation using Guid(4ab3522e9e939ab469b80ea2c44ed449) Importer(815301076,1909f56bfc062723c751e8b465ee728b)  -> (artifact id: '63e9464f56d4d9f402a75644d1fb248e') in 0.005503 seconds 
========================================================================
Received Import Request.
  Time since last request: 4.186381 seconds.
  path: Assets/animation/New Animation.anim
  artifactKey: Guid(251346bf1b086e04ebb75f0ccb6cd32a) Importer(815301076,1909f56bfc062723c751e8b465ee728b)
Start importing Assets/animation/New Animation.anim using Guid(251346bf1b086e04ebb75f0ccb6cd32a) Importer(815301076,1909f56bfc062723c751e8b465ee728b)  -> (artifact id: 'b6f77201311fe0c87fd982902750b713') in 0.011078 seconds 
========================================================================
Received Import Request.
  Time since last request: 3.460726 seconds.
  path: Assets/animation/New Animator Controller.controller
  artifactKey: Guid(2f09c76f752f7d14a87ce3ecd40e7676) Importer(815301076,1909f56bfc062723c751e8b465ee728b)
Start importing Assets/animation/New Animator Controller.controller using Guid(2f09c76f752f7d14a87ce3ecd40e7676) Importer(815301076,1909f56bfc062723c751e8b465ee728b)  -> (artifact id: '9e66cdebee386076580bc3519193dcd6') in 0.005033 seconds 
========================================================================
Received Import Request.
  Time since last request: 9.060377 seconds.
  path: Assets/Script
  artifactKey: Guid(ef01868dfb144b54b8b78b40d38ccbd9) Importer(815301076,1909f56bfc062723c751e8b465ee728b)
Start importing Assets/Script using Guid(ef01868dfb144b54b8b78b40d38ccbd9) Importer(815301076,1909f56bfc062723c751e8b465ee728b)  -> (artifact id: '4012f3c354973e25e8e0bd5cc263e796') in 0.001769 seconds 
========================================================================
Received Prepare
Registering precompiled user dll's ...
Registered in 0.003773 seconds.
Begin MonoManager ReloadAssembly
Symbol file LoadedFromMemory doesn't match image C:\Users\1953260\Documents\GitHub\Pong-course\Library\PackageCache\com.unity.visualscripting@1.6.1\Editor\VisualScripting.Core\Dependencies\YamlDotNet\Unity.VisualScripting.YamlDotNet.dll
Symbol file LoadedFromMemory doesn't match image C:\Users\1953260\Documents\GitHub\Pong-course\Library\PackageCache\com.unity.visualscripting@1.6.1\Editor\VisualScripting.Core\Dependencies\DotNetZip\Unity.VisualScripting.IonicZip.dll
Native extension for WindowsStandalone target not found
Refreshing native plugins compatible for Editor in 0.61 ms, found 2 plugins.
Preloading 0 native plugins for Editor in 0.00 ms.
Mono: successfully reloaded assembly
- Completed reload, in  0.877 seconds
Platform modules already initialized, skipping
Refreshing native plugins compatible for Editor in 0.62 ms, found 2 plugins.
Preloading 0 native plugins for Editor in 0.00 ms.
Unloading 3867 Unused Serialized files (Serialized files now loaded: 0)
System memory in use before: 150.1 MB.
System memory in use after: 150.3 MB.

Unloading 11 unused Assets to reduce memory usage. Loaded Objects now: 4415.
Total: 2.196800 ms (FindLiveObjects: 0.276100 ms CreateObjectMapping: 0.157100 ms MarkObjects: 1.735200 ms  DeleteObjects: 0.028000 ms)

========================================================================
Received Prepare
Registering precompiled user dll's ...
Registered in 0.003578 seconds.
Begin MonoManager ReloadAssembly
Symbol file LoadedFromMemory doesn't match image C:\Users\1953260\Documents\GitHub\Pong-course\Library\PackageCache\com.unity.visualscripting@1.6.1\Editor\VisualScripting.Core\Dependencies\YamlDotNet\Unity.VisualScripting.YamlDotNet.dll
Symbol file LoadedFromMemory doesn't match image C:\Users\1953260\Documents\GitHub\Pong-course\Library\PackageCache\com.unity.visualscripting@1.6.1\Editor\VisualScripting.Core\Dependencies\DotNetZip\Unity.VisualScripting.IonicZip.dll
Native extension for WindowsStandalone target not found
Refreshing native plugins compatible for Editor in 0.62 ms, found 2 plugins.
Preloading 0 native plugins for Editor in 0.00 ms.
Mono: successfully reloaded assembly
- Completed reload, in  0.869 seconds
Platform modules already initialized, skipping
Refreshing native plugins compatible for Editor in 0.65 ms, found 2 plugins.
Preloading 0 native plugins for Editor in 0.00 ms.
Unloading 3867 Unused Serialized files (Serialized files now loaded: 0)
System memory in use before: 150.1 MB.
System memory in use after: 150.4 MB.

Unloading 11 unused Assets to reduce memory usage. Loaded Objects now: 4419.
Total: 2.161000 ms (FindLiveObjects: 0.229000 ms CreateObjectMapping: 0.139600 ms MarkObjects: 1.778700 ms  DeleteObjects: 0.012800 ms)

========================================================================
Received Prepare
Registering precompiled user dll's ...
Registered in 0.003573 seconds.
Begin MonoManager ReloadAssembly
Symbol file LoadedFromMemory doesn't match image C:\Users\1953260\Documents\GitHub\Pong-course\Library\PackageCache\com.unity.visualscripting@1.6.1\Editor\VisualScripting.Core\Dependencies\YamlDotNet\Unity.VisualScripting.YamlDotNet.dll
Symbol file LoadedFromMemory doesn't match image C:\Users\1953260\Documents\GitHub\Pong-course\Library\PackageCache\com.unity.visualscripting@1.6.1\Editor\VisualScripting.Core\Dependencies\DotNetZip\Unity.VisualScripting.IonicZip.dll
Native extension for WindowsStandalone target not found
Refreshing native plugins compatible for Editor in 0.61 ms, found 2 plugins.
Preloading 0 native plugins for Editor in 0.00 ms.
Mono: successfully reloaded assembly
- Completed reload, in  0.882 seconds
Platform modules already initialized, skipping
Refreshing native plugins compatible for Editor in 0.66 ms, found 2 plugins.
Preloading 0 native plugins for Editor in 0.00 ms.
Unloading 3867 Unused Serialized files (Serialized files now loaded: 0)
System memory in use before: 150.1 MB.
System memory in use after: 150.4 MB.

Unloading 11 unused Assets to reduce memory usage. Loaded Objects now: 4423.
Total: 2.138400 ms (FindLiveObjects: 0.236100 ms CreateObjectMapping: 0.140100 ms MarkObjects: 1.747900 ms  DeleteObjects: 0.013400 ms)

========================================================================
Received Prepare
Registering precompiled user dll's ...
Registered in 0.003561 seconds.
Begin MonoManager ReloadAssembly
Symbol file LoadedFromMemory doesn't match image C:\Users\1953260\Documents\GitHub\Pong-course\Library\PackageCache\com.unity.visualscripting@1.6.1\Editor\VisualScripting.Core\Dependencies\YamlDotNet\Unity.VisualScripting.YamlDotNet.dll
Symbol file LoadedFromMemory doesn't match image C:\Users\1953260\Documents\GitHub\Pong-course\Library\PackageCache\com.unity.visualscripting@1.6.1\Editor\VisualScripting.Core\Dependencies\DotNetZip\Unity.VisualScripting.IonicZip.dll
Native extension for WindowsStandalone target not found
Refreshing native plugins compatible for Editor in 0.64 ms, found 2 plugins.
Preloading 0 native plugins for Editor in 0.00 ms.
Mono: successfully reloaded assembly
- Completed reload, in  0.872 seconds
Platform modules already initialized, skipping
Refreshing native plugins compatible for Editor in 0.65 ms, found 2 plugins.
Preloading 0 native plugins for Editor in 0.00 ms.
Unloading 3867 Unused Serialized files (Serialized files now loaded: 0)
System memory in use before: 150.1 MB.
System memory in use after: 150.4 MB.

Unloading 11 unused Assets to reduce memory usage. Loaded Objects now: 4427.
Total: 2.250400 ms (FindLiveObjects: 0.244600 ms CreateObjectMapping: 0.181200 ms MarkObjects: 1.811300 ms  DeleteObjects: 0.012600 ms)

========================================================================
Received Prepare
Registering precompiled user dll's ...
Registered in 0.003719 seconds.
Begin MonoManager ReloadAssembly
Symbol file LoadedFromMemory doesn't match image C:\Users\1953260\Documents\GitHub\Pong-course\Library\PackageCache\com.unity.visualscripting@1.6.1\Editor\VisualScripting.Core\Dependencies\YamlDotNet\Unity.VisualScripting.YamlDotNet.dll
Symbol file LoadedFromMemory doesn't match image C:\Users\1953260\Documents\GitHub\Pong-course\Library\PackageCache\com.unity.visualscripting@1.6.1\Editor\VisualScripting.Core\Dependencies\DotNetZip\Unity.VisualScripting.IonicZip.dll
Native extension for WindowsStandalone target not found
Refreshing native plugins compatible for Editor in 0.66 ms, found 2 plugins.
Preloading 0 native plugins for Editor in 0.00 ms.
Mono: successfully reloaded assembly
- Completed reload, in  0.873 seconds
Platform modules already initialized, skipping
Refreshing native plugins compatible for Editor in 0.63 ms, found 2 plugins.
Preloading 0 native plugins for Editor in 0.00 ms.
Unloading 3867 Unused Serialized files (Serialized files now loaded: 0)
System memory in use before: 150.1 MB.
System memory in use after: 150.4 MB.

Unloading 11 unused Assets to reduce memory usage. Loaded Objects now: 4431.
Total: 2.144600 ms (FindLiveObjects: 0.235000 ms CreateObjectMapping: 0.140300 ms MarkObjects: 1.756600 ms  DeleteObjects: 0.012000 ms)

========================================================================
Received Prepare
Registering precompiled user dll's ...
Registered in 0.003786 seconds.
Begin MonoManager ReloadAssembly
Symbol file LoadedFromMemory doesn't match image C:\Users\1953260\Documents\GitHub\Pong-course\Library\PackageCache\com.unity.visualscripting@1.6.1\Editor\VisualScripting.Core\Dependencies\YamlDotNet\Unity.VisualScripting.YamlDotNet.dll
Symbol file LoadedFromMemory doesn't match image C:\Users\1953260\Documents\GitHub\Pong-course\Library\PackageCache\com.unity.visualscripting@1.6.1\Editor\VisualScripting.Core\Dependencies\DotNetZip\Unity.VisualScripting.IonicZip.dll
Native extension for WindowsStandalone target not found
Refreshing native plugins compatible for Editor in 0.62 ms, found 2 plugins.
Preloading 0 native plugins for Editor in 0.00 ms.
Mono: successfully reloaded assembly
- Completed reload, in  0.919 seconds
Platform modules already initialized, skipping
Refreshing native plugins compatible for Editor in 0.61 ms, found 2 plugins.
Preloading 0 native plugins for Editor in 0.00 ms.
Unloading 3867 Unused Serialized files (Serialized files now loaded: 0)
System memory in use before: 150.1 MB.
System memory in use after: 150.4 MB.

Unloading 11 unused Assets to reduce memory usage. Loaded Objects now: 4435.
Total: 2.576300 ms (FindLiveObjects: 0.261800 ms CreateObjectMapping: 0.176700 ms MarkObjects: 2.109400 ms  DeleteObjects: 0.027600 ms)

AssetImportWorkerClient::OnTransportError - code=2 error=End of file
